0 info it worked if it ends with ok
1 verbose cli [ 'C:\\Program Files\\nodejs\\node.exe',
1 verbose cli   'C:\\Program Files\\nodejs\\node_modules\\npm\\bin\\npm-cli.js',
1 verbose cli   'install' ]
2 info using npm@4.1.2
3 info using node@v7.7.4
4 silly loadCurrentTree Starting
5 silly install loadCurrentTree
6 silly install readLocalPackageData
7 silly install normalizeTree
8 silly loadCurrentTree Finishing
9 silly loadIdealTree Starting
10 silly install loadIdealTree
11 silly cloneCurrentTree Starting
12 silly install cloneCurrentTreeToIdealTree
13 silly cloneCurrentTree Finishing
14 silly loadShrinkwrap Starting
15 silly install loadShrinkwrap
16 silly loadShrinkwrap Finishing
17 silly loadAllDepsIntoIdealTree Starting
18 silly install loadAllDepsIntoIdealTree
19 silly fetchOtherPackageData com.phonegap.plugins.PushPlugin@git+https://github.com/phonegap-build/PushPlugin.git
20 silly cache add args [ 'com.phonegap.plugins.PushPlugin@git+https://github.com/phonegap-build/PushPlugin.git',
20 silly cache add   null ]
21 verbose cache add spec com.phonegap.plugins.PushPlugin@git+https://github.com/phonegap-build/PushPlugin.git
22 silly fetchNamedPackageData cordova-plugin-console
23 silly mapToRegistry name cordova-plugin-console
24 silly mapToRegistry using default registry
25 silly mapToRegistry registry https://registry.npmjs.org/
26 silly mapToRegistry data Result {
26 silly mapToRegistry   raw: 'cordova-plugin-console',
26 silly mapToRegistry   scope: null,
26 silly mapToRegistry   escapedName: 'cordova-plugin-console',
26 silly mapToRegistry   name: 'cordova-plugin-console',
26 silly mapToRegistry   rawSpec: '',
26 silly mapToRegistry   spec: 'latest',
26 silly mapToRegistry   type: 'tag' }
27 silly mapToRegistry uri https://registry.npmjs.org/cordova-plugin-console
28 silly fetchNamedPackageData cordova-plugin-device
29 silly mapToRegistry name cordova-plugin-device
30 silly mapToRegistry using default registry
31 silly mapToRegistry registry https://registry.npmjs.org/
32 silly mapToRegistry data Result {
32 silly mapToRegistry   raw: 'cordova-plugin-device',
32 silly mapToRegistry   scope: null,
32 silly mapToRegistry   escapedName: 'cordova-plugin-device',
32 silly mapToRegistry   name: 'cordova-plugin-device',
32 silly mapToRegistry   rawSpec: '',
32 silly mapToRegistry   spec: 'latest',
32 silly mapToRegistry   type: 'tag' }
33 silly mapToRegistry uri https://registry.npmjs.org/cordova-plugin-device
34 silly fetchNamedPackageData cordova-plugin-splashscreen
35 silly mapToRegistry name cordova-plugin-splashscreen
36 silly mapToRegistry using default registry
37 silly mapToRegistry registry https://registry.npmjs.org/
38 silly mapToRegistry data Result {
38 silly mapToRegistry   raw: 'cordova-plugin-splashscreen',
38 silly mapToRegistry   scope: null,
38 silly mapToRegistry   escapedName: 'cordova-plugin-splashscreen',
38 silly mapToRegistry   name: 'cordova-plugin-splashscreen',
38 silly mapToRegistry   rawSpec: '',
38 silly mapToRegistry   spec: 'latest',
38 silly mapToRegistry   type: 'tag' }
39 silly mapToRegistry uri https://registry.npmjs.org/cordova-plugin-splashscreen
40 silly fetchNamedPackageData cordova-plugin-statusbar
41 silly mapToRegistry name cordova-plugin-statusbar
42 silly mapToRegistry using default registry
43 silly mapToRegistry registry https://registry.npmjs.org/
44 silly mapToRegistry data Result {
44 silly mapToRegistry   raw: 'cordova-plugin-statusbar',
44 silly mapToRegistry   scope: null,
44 silly mapToRegistry   escapedName: 'cordova-plugin-statusbar',
44 silly mapToRegistry   name: 'cordova-plugin-statusbar',
44 silly mapToRegistry   rawSpec: '',
44 silly mapToRegistry   spec: 'latest',
44 silly mapToRegistry   type: 'tag' }
45 silly mapToRegistry uri https://registry.npmjs.org/cordova-plugin-statusbar
46 silly fetchNamedPackageData cordova-plugin-whitelist
47 silly mapToRegistry name cordova-plugin-whitelist
48 silly mapToRegistry using default registry
49 silly mapToRegistry registry https://registry.npmjs.org/
50 silly mapToRegistry data Result {
50 silly mapToRegistry   raw: 'cordova-plugin-whitelist',
50 silly mapToRegistry   scope: null,
50 silly mapToRegistry   escapedName: 'cordova-plugin-whitelist',
50 silly mapToRegistry   name: 'cordova-plugin-whitelist',
50 silly mapToRegistry   rawSpec: '',
50 silly mapToRegistry   spec: 'latest',
50 silly mapToRegistry   type: 'tag' }
51 silly mapToRegistry uri https://registry.npmjs.org/cordova-plugin-whitelist
52 silly fetchNamedPackageData cordova-plugin-x-socialsharing
53 silly mapToRegistry name cordova-plugin-x-socialsharing
54 silly mapToRegistry using default registry
55 silly mapToRegistry registry https://registry.npmjs.org/
56 silly mapToRegistry data Result {
56 silly mapToRegistry   raw: 'cordova-plugin-x-socialsharing',
56 silly mapToRegistry   scope: null,
56 silly mapToRegistry   escapedName: 'cordova-plugin-x-socialsharing',
56 silly mapToRegistry   name: 'cordova-plugin-x-socialsharing',
56 silly mapToRegistry   rawSpec: '',
56 silly mapToRegistry   spec: 'latest',
56 silly mapToRegistry   type: 'tag' }
57 silly mapToRegistry uri https://registry.npmjs.org/cordova-plugin-x-socialsharing
58 silly fetchNamedPackageData ionic-plugin-keyboard
59 silly mapToRegistry name ionic-plugin-keyboard
60 silly mapToRegistry using default registry
61 silly mapToRegistry registry https://registry.npmjs.org/
62 silly mapToRegistry data Result {
62 silly mapToRegistry   raw: 'ionic-plugin-keyboard',
62 silly mapToRegistry   scope: null,
62 silly mapToRegistry   escapedName: 'ionic-plugin-keyboard',
62 silly mapToRegistry   name: 'ionic-plugin-keyboard',
62 silly mapToRegistry   rawSpec: '',
62 silly mapToRegistry   spec: 'latest',
62 silly mapToRegistry   type: 'tag' }
63 silly mapToRegistry uri https://registry.npmjs.org/ionic-plugin-keyboard
64 silly cache add parsed spec Result {
64 silly cache add   raw: 'com.phonegap.plugins.PushPlugin@git+https://github.com/phonegap-build/PushPlugin.git',
64 silly cache add   scope: null,
64 silly cache add   escapedName: 'com.phonegap.plugins.PushPlugin',
64 silly cache add   name: 'com.phonegap.plugins.PushPlugin',
64 silly cache add   rawSpec: 'git+https://github.com/phonegap-build/PushPlugin.git',
64 silly cache add   spec: 'git+https://github.com/phonegap-build/PushPlugin.git',
64 silly cache add   type: 'hosted',
64 silly cache add   hosted:
64 silly cache add    { type: 'github',
64 silly cache add      ssh: 'git@github.com:phonegap-build/PushPlugin.git',
64 silly cache add      sshUrl: 'git+ssh://git@github.com/phonegap-build/PushPlugin.git',
64 silly cache add      httpsUrl: 'git+https://github.com/phonegap-build/PushPlugin.git',
64 silly cache add      gitUrl: 'git://github.com/phonegap-build/PushPlugin.git',
64 silly cache add      shortcut: 'github:phonegap-build/PushPlugin',
64 silly cache add      directUrl: 'https://raw.githubusercontent.com/phonegap-build/PushPlugin/master/package.json' } }
65 verbose addRemoteGit caching git+https://github.com/phonegap-build/PushPlugin.git
66 verbose addRemoteGit git+https://github.com/phonegap-build/PushPlugin.git is a repository hosted by github
67 silly tryClone cloning git+https://github.com/phonegap-build/PushPlugin.git via git+https://github.com/phonegap-build/PushPlugin.git
68 verbose tryClone git-https-github-com-phonegap-build-PushPlugin-git-9ae1c0e7 not in flight; caching
69 verbose correctMkdir D:\Users\harrison\AppData\Roaming\npm-cache\_git-remotes correctMkdir not in flight; initializing
70 verbose request uri https://registry.npmjs.org/cordova-plugin-console
71 verbose request no auth needed
72 info attempt registry request try #1 at 7:51:35 PM
73 verbose request id c0adafb58d0775b5
74 verbose etag W/"5907d57f-8003"
75 verbose lastModified Tue, 02 May 2017 00:40:31 GMT
76 http request GET https://registry.npmjs.org/cordova-plugin-console
77 verbose request uri https://registry.npmjs.org/cordova-plugin-statusbar
78 verbose request no auth needed
79 info attempt registry request try #1 at 7:51:35 PM
80 verbose etag W/"5914d11a-8eec"
81 verbose lastModified Thu, 11 May 2017 21:01:14 GMT
82 http request GET https://registry.npmjs.org/cordova-plugin-statusbar
83 verbose request uri https://registry.npmjs.org/cordova-plugin-splashscreen
84 verbose request no auth needed
85 info attempt registry request try #1 at 7:51:35 PM
86 verbose etag W/"5914d100-11845"
87 verbose lastModified Thu, 11 May 2017 21:00:48 GMT
88 http request GET https://registry.npmjs.org/cordova-plugin-splashscreen
89 verbose request uri https://registry.npmjs.org/cordova-plugin-device
90 verbose request no auth needed
91 info attempt registry request try #1 at 7:51:35 PM
92 verbose etag W/"5914a6e5-ad19"
93 verbose lastModified Thu, 11 May 2017 18:01:09 GMT
94 http request GET https://registry.npmjs.org/cordova-plugin-device
95 verbose request uri https://registry.npmjs.org/cordova-plugin-whitelist
96 verbose request no auth needed
97 info attempt registry request try #1 at 7:51:35 PM
98 verbose etag W/"591dc9c5-4cb5"
99 verbose lastModified Thu, 18 May 2017 16:20:21 GMT
100 http request GET https://registry.npmjs.org/cordova-plugin-whitelist
101 verbose request uri https://registry.npmjs.org/ionic-plugin-keyboard
102 verbose request no auth needed
103 info attempt registry request try #1 at 7:51:35 PM
104 verbose etag W/"5922d029-4a90"
105 verbose lastModified Mon, 22 May 2017 11:48:57 GMT
106 http request GET https://registry.npmjs.org/ionic-plugin-keyboard
107 verbose request uri https://registry.npmjs.org/cordova-plugin-x-socialsharing
108 verbose request no auth needed
109 info attempt registry request try #1 at 7:51:35 PM
110 verbose etag W/"59004732-117ab"
111 verbose lastModified Wed, 26 Apr 2017 07:07:30 GMT
112 http request GET https://registry.npmjs.org/cordova-plugin-x-socialsharing
113 info git [ 'config', '--get', 'remote.origin.url' ]
114 silly validateExistingRemote git+https://github.com/phonegap-build/PushPlugin.git remote.origin.url: https://github.com/phonegap-build/PushPlugin.git
115 verbose validateExistingRemote git+https://github.com/phonegap-build/PushPlugin.git is updating existing cached remote D:\Users\harrison\AppData\Roaming\npm-cache\_git-remotes\git-https-github-com-phonegap-build-PushPlugin-git-9ae1c0e7
116 info git [ 'fetch', '-a', 'origin' ]
117 http 304 https://registry.npmjs.org/cordova-plugin-console
118 verbose headers { date: 'Thu, 08 Jun 2017 09:51:35 GMT',
118 verbose headers   via: '1.1 varnish',
118 verbose headers   'cache-control': 'max-age=300',
118 verbose headers   etag: 'W/"5907d57f-8003"',
118 verbose headers   age: '82',
118 verbose headers   connection: 'keep-alive',
118 verbose headers   'x-served-by': 'cache-syd1626-SYD',
118 verbose headers   'x-cache': 'HIT',
118 verbose headers   'x-cache-hits': '2',
118 verbose headers   'x-timer': 'S1496915495.407205,VS0,VE0',
118 verbose headers   vary: 'Accept-Encoding' }
119 silly get cb [ 304,
119 silly get   { date: 'Thu, 08 Jun 2017 09:51:35 GMT',
119 silly get     via: '1.1 varnish',
119 silly get     'cache-control': 'max-age=300',
119 silly get     etag: 'W/"5907d57f-8003"',
119 silly get     age: '82',
119 silly get     connection: 'keep-alive',
119 silly get     'x-served-by': 'cache-syd1626-SYD',
119 silly get     'x-cache': 'HIT',
119 silly get     'x-cache-hits': '2',
119 silly get     'x-timer': 'S1496915495.407205,VS0,VE0',
119 silly get     vary: 'Accept-Encoding' } ]
120 verbose etag https://registry.npmjs.org/cordova-plugin-console from cache
121 verbose get saving cordova-plugin-console to D:\Users\harrison\AppData\Roaming\npm-cache\registry.npmjs.org\cordova-plugin-console\.cache.json
122 verbose correctMkdir D:\Users\harrison\AppData\Roaming\npm-cache correctMkdir not in flight; initializing
123 http 304 https://registry.npmjs.org/cordova-plugin-whitelist
124 verbose headers { date: 'Thu, 08 Jun 2017 09:51:35 GMT',
124 verbose headers   via: '1.1 varnish',
124 verbose headers   'cache-control': 'max-age=300',
124 verbose headers   etag: 'W/"591dc9c5-4cb5"',
124 verbose headers   age: '82',
124 verbose headers   connection: 'keep-alive',
124 verbose headers   'x-served-by': 'cache-syd1626-SYD',
124 verbose headers   'x-cache': 'HIT',
124 verbose headers   'x-cache-hits': '6',
124 verbose headers   'x-timer': 'S1496915495.411374,VS0,VE0',
124 verbose headers   vary: 'Accept-Encoding' }
125 silly get cb [ 304,
125 silly get   { date: 'Thu, 08 Jun 2017 09:51:35 GMT',
125 silly get     via: '1.1 varnish',
125 silly get     'cache-control': 'max-age=300',
125 silly get     etag: 'W/"591dc9c5-4cb5"',
125 silly get     age: '82',
125 silly get     connection: 'keep-alive',
125 silly get     'x-served-by': 'cache-syd1626-SYD',
125 silly get     'x-cache': 'HIT',
125 silly get     'x-cache-hits': '6',
125 silly get     'x-timer': 'S1496915495.411374,VS0,VE0',
125 silly get     vary: 'Accept-Encoding' } ]
126 verbose etag https://registry.npmjs.org/cordova-plugin-whitelist from cache
127 verbose get saving cordova-plugin-whitelist to D:\Users\harrison\AppData\Roaming\npm-cache\registry.npmjs.org\cordova-plugin-whitelist\.cache.json
128 verbose correctMkdir D:\Users\harrison\AppData\Roaming\npm-cache correctMkdir already in flight; waiting
129 http 304 https://registry.npmjs.org/ionic-plugin-keyboard
130 verbose headers { date: 'Thu, 08 Jun 2017 09:51:35 GMT',
130 verbose headers   via: '1.1 varnish',
130 verbose headers   'cache-control': 'max-age=300',
130 verbose headers   etag: 'W/"5922d029-4a90"',
130 verbose headers   age: '82',
130 verbose headers   connection: 'keep-alive',
130 verbose headers   'x-served-by': 'cache-syd1624-SYD',
130 verbose headers   'x-cache': 'HIT',
130 verbose headers   'x-cache-hits': '1',
130 verbose headers   'x-timer': 'S1496915495.419062,VS0,VE1',
130 verbose headers   vary: 'Accept-Encoding' }
131 silly get cb [ 304,
131 silly get   { date: 'Thu, 08 Jun 2017 09:51:35 GMT',
131 silly get     via: '1.1 varnish',
131 silly get     'cache-control': 'max-age=300',
131 silly get     etag: 'W/"5922d029-4a90"',
131 silly get     age: '82',
131 silly get     connection: 'keep-alive',
131 silly get     'x-served-by': 'cache-syd1624-SYD',
131 silly get     'x-cache': 'HIT',
131 silly get     'x-cache-hits': '1',
131 silly get     'x-timer': 'S1496915495.419062,VS0,VE1',
131 silly get     vary: 'Accept-Encoding' } ]
132 verbose etag https://registry.npmjs.org/ionic-plugin-keyboard from cache
133 verbose get saving ionic-plugin-keyboard to D:\Users\harrison\AppData\Roaming\npm-cache\registry.npmjs.org\ionic-plugin-keyboard\.cache.json
134 verbose correctMkdir D:\Users\harrison\AppData\Roaming\npm-cache correctMkdir not in flight; initializing
135 http 304 https://registry.npmjs.org/cordova-plugin-statusbar
136 verbose headers { date: 'Thu, 08 Jun 2017 09:51:35 GMT',
136 verbose headers   via: '1.1 varnish',
136 verbose headers   'cache-control': 'max-age=300',
136 verbose headers   etag: 'W/"5914d11a-8eec"',
136 verbose headers   age: '82',
136 verbose headers   connection: 'keep-alive',
136 verbose headers   'x-served-by': 'cache-syd1627-SYD',
136 verbose headers   'x-cache': 'HIT',
136 verbose headers   'x-cache-hits': '2',
136 verbose headers   'x-timer': 'S1496915495.421873,VS0,VE0',
136 verbose headers   vary: 'Accept-Encoding' }
137 silly get cb [ 304,
137 silly get   { date: 'Thu, 08 Jun 2017 09:51:35 GMT',
137 silly get     via: '1.1 varnish',
137 silly get     'cache-control': 'max-age=300',
137 silly get     etag: 'W/"5914d11a-8eec"',
137 silly get     age: '82',
137 silly get     connection: 'keep-alive',
137 silly get     'x-served-by': 'cache-syd1627-SYD',
137 silly get     'x-cache': 'HIT',
137 silly get     'x-cache-hits': '2',
137 silly get     'x-timer': 'S1496915495.421873,VS0,VE0',
137 silly get     vary: 'Accept-Encoding' } ]
138 verbose etag https://registry.npmjs.org/cordova-plugin-statusbar from cache
139 verbose get saving cordova-plugin-statusbar to D:\Users\harrison\AppData\Roaming\npm-cache\registry.npmjs.org\cordova-plugin-statusbar\.cache.json
140 verbose correctMkdir D:\Users\harrison\AppData\Roaming\npm-cache correctMkdir not in flight; initializing
141 http 304 https://registry.npmjs.org/cordova-plugin-x-socialsharing
142 verbose headers { date: 'Thu, 08 Jun 2017 09:51:35 GMT',
142 verbose headers   via: '1.1 varnish',
142 verbose headers   'cache-control': 'max-age=300',
142 verbose headers   etag: 'W/"59004732-117ab"',
142 verbose headers   age: '82',
142 verbose headers   connection: 'keep-alive',
142 verbose headers   'x-served-by': 'cache-syd1622-SYD',
142 verbose headers   'x-cache': 'HIT',
142 verbose headers   'x-cache-hits': '1',
142 verbose headers   'x-timer': 'S1496915495.428749,VS0,VE0',
142 verbose headers   vary: 'Accept-Encoding' }
143 silly get cb [ 304,
143 silly get   { date: 'Thu, 08 Jun 2017 09:51:35 GMT',
143 silly get     via: '1.1 varnish',
143 silly get     'cache-control': 'max-age=300',
143 silly get     etag: 'W/"59004732-117ab"',
143 silly get     age: '82',
143 silly get     connection: 'keep-alive',
143 silly get     'x-served-by': 'cache-syd1622-SYD',
143 silly get     'x-cache': 'HIT',
143 silly get     'x-cache-hits': '1',
143 silly get     'x-timer': 'S1496915495.428749,VS0,VE0',
143 silly get     vary: 'Accept-Encoding' } ]
144 verbose etag https://registry.npmjs.org/cordova-plugin-x-socialsharing from cache
145 verbose get saving cordova-plugin-x-socialsharing to D:\Users\harrison\AppData\Roaming\npm-cache\registry.npmjs.org\cordova-plugin-x-socialsharing\.cache.json
146 verbose correctMkdir D:\Users\harrison\AppData\Roaming\npm-cache correctMkdir not in flight; initializing
147 silly pickManifestFromRegistryMetadata spec 1.0.5 tag latest versions [ '0.2.0',
147 silly pickManifestFromRegistryMetadata   '0.2.10',
147 silly pickManifestFromRegistryMetadata   '0.2.11',
147 silly pickManifestFromRegistryMetadata   '0.2.12',
147 silly pickManifestFromRegistryMetadata   '0.2.13',
147 silly pickManifestFromRegistryMetadata   '0.2.3',
147 silly pickManifestFromRegistryMetadata   '0.2.4',
147 silly pickManifestFromRegistryMetadata   '0.2.5',
147 silly pickManifestFromRegistryMetadata   '0.2.6',
147 silly pickManifestFromRegistryMetadata   '0.2.7',
147 silly pickManifestFromRegistryMetadata   '0.2.8',
147 silly pickManifestFromRegistryMetadata   '0.2.9',
147 silly pickManifestFromRegistryMetadata   '1.0.0',
147 silly pickManifestFromRegistryMetadata   '1.0.1',
147 silly pickManifestFromRegistryMetadata   '1.0.2',
147 silly pickManifestFromRegistryMetadata   '1.0.3',
147 silly pickManifestFromRegistryMetadata   '1.0.4',
147 silly pickManifestFromRegistryMetadata   '1.0.5',
147 silly pickManifestFromRegistryMetadata   '1.0.6',
147 silly pickManifestFromRegistryMetadata   '1.0.7' ]
148 silly resolveWithNewModule cordova-plugin-console@1.0.5 checking installable status
149 silly cache add args [ 'cordova-plugin-console@1.0.5', null ]
150 verbose cache add spec cordova-plugin-console@1.0.5
151 silly cache add parsed spec Result {
151 silly cache add   raw: 'cordova-plugin-console@1.0.5',
151 silly cache add   scope: null,
151 silly cache add   escapedName: 'cordova-plugin-console',
151 silly cache add   name: 'cordova-plugin-console',
151 silly cache add   rawSpec: '1.0.5',
151 silly cache add   spec: '1.0.5',
151 silly cache add   type: 'version' }
152 silly addNamed cordova-plugin-console@1.0.5
153 verbose addNamed "1.0.5" is a plain semver version for cordova-plugin-console
154 silly mapToRegistry name cordova-plugin-console
155 silly mapToRegistry using default registry
156 silly mapToRegistry registry https://registry.npmjs.org/
157 silly mapToRegistry data Result {
157 silly mapToRegistry   raw: 'cordova-plugin-console',
157 silly mapToRegistry   scope: null,
157 silly mapToRegistry   escapedName: 'cordova-plugin-console',
157 silly mapToRegistry   name: 'cordova-plugin-console',
157 silly mapToRegistry   rawSpec: '',
157 silly mapToRegistry   spec: 'latest',
157 silly mapToRegistry   type: 'tag' }
158 silly mapToRegistry uri https://registry.npmjs.org/cordova-plugin-console
159 verbose addNameVersion registry:https://registry.npmjs.org/cordova-plugin-console not in flight; fetching
160 silly pickManifestFromRegistryMetadata spec 1.3.1 tag latest versions [ '1.0.0',
160 silly pickManifestFromRegistryMetadata   '1.1.0',
160 silly pickManifestFromRegistryMetadata   '1.2.0',
160 silly pickManifestFromRegistryMetadata   '1.2.1',
160 silly pickManifestFromRegistryMetadata   '1.2.2',
160 silly pickManifestFromRegistryMetadata   '1.3.0',
160 silly pickManifestFromRegistryMetadata   '1.3.1',
160 silly pickManifestFromRegistryMetadata   '1.3.2' ]
161 silly resolveWithNewModule cordova-plugin-whitelist@1.3.1 checking installable status
162 silly cache add args [ 'cordova-plugin-whitelist@1.3.1', null ]
163 verbose cache add spec cordova-plugin-whitelist@1.3.1
164 silly cache add parsed spec Result {
164 silly cache add   raw: 'cordova-plugin-whitelist@1.3.1',
164 silly cache add   scope: null,
164 silly cache add   escapedName: 'cordova-plugin-whitelist',
164 silly cache add   name: 'cordova-plugin-whitelist',
164 silly cache add   rawSpec: '1.3.1',
164 silly cache add   spec: '1.3.1',
164 silly cache add   type: 'version' }
165 silly addNamed cordova-plugin-whitelist@1.3.1
166 verbose addNamed "1.3.1" is a plain semver version for cordova-plugin-whitelist
167 silly mapToRegistry name cordova-plugin-whitelist
168 silly mapToRegistry using default registry
169 silly mapToRegistry registry https://registry.npmjs.org/
170 silly mapToRegistry data Result {
170 silly mapToRegistry   raw: 'cordova-plugin-whitelist',
170 silly mapToRegistry   scope: null,
170 silly mapToRegistry   escapedName: 'cordova-plugin-whitelist',
170 silly mapToRegistry   name: 'cordova-plugin-whitelist',
170 silly mapToRegistry   rawSpec: '',
170 silly mapToRegistry   spec: 'latest',
170 silly mapToRegistry   type: 'tag' }
171 silly mapToRegistry uri https://registry.npmjs.org/cordova-plugin-whitelist
172 verbose addNameVersion registry:https://registry.npmjs.org/cordova-plugin-whitelist not in flight; fetching
173 silly pickManifestFromRegistryMetadata spec 2.2.1 tag latest versions [ '0.1.10',
173 silly pickManifestFromRegistryMetadata   '0.1.5',
173 silly pickManifestFromRegistryMetadata   '0.1.6',
173 silly pickManifestFromRegistryMetadata   '0.1.7',
173 silly pickManifestFromRegistryMetadata   '0.1.8',
173 silly pickManifestFromRegistryMetadata   '0.1.9',
173 silly pickManifestFromRegistryMetadata   '1.0.0',
173 silly pickManifestFromRegistryMetadata   '1.0.1',
173 silly pickManifestFromRegistryMetadata   '2.0.0',
173 silly pickManifestFromRegistryMetadata   '2.1.0',
173 silly pickManifestFromRegistryMetadata   '2.1.1',
173 silly pickManifestFromRegistryMetadata   '2.1.2',
173 silly pickManifestFromRegistryMetadata   '2.1.3',
173 silly pickManifestFromRegistryMetadata   '2.2.0',
173 silly pickManifestFromRegistryMetadata   '2.2.1',
173 silly pickManifestFromRegistryMetadata   '2.2.2',
173 silly pickManifestFromRegistryMetadata   '2.2.3' ]
174 silly resolveWithNewModule cordova-plugin-statusbar@2.2.1 checking installable status
175 silly cache add args [ 'cordova-plugin-statusbar@2.2.1', null ]
176 verbose cache add spec cordova-plugin-statusbar@2.2.1
177 silly cache add parsed spec Result {
177 silly cache add   raw: 'cordova-plugin-statusbar@2.2.1',
177 silly cache add   scope: null,
177 silly cache add   escapedName: 'cordova-plugin-statusbar',
177 silly cache add   name: 'cordova-plugin-statusbar',
177 silly cache add   rawSpec: '2.2.1',
177 silly cache add   spec: '2.2.1',
177 silly cache add   type: 'version' }
178 silly addNamed cordova-plugin-statusbar@2.2.1
179 verbose addNamed "2.2.1" is a plain semver version for cordova-plugin-statusbar
180 silly mapToRegistry name cordova-plugin-statusbar
181 silly mapToRegistry using default registry
182 silly mapToRegistry registry https://registry.npmjs.org/
183 silly mapToRegistry data Result {
183 silly mapToRegistry   raw: 'cordova-plugin-statusbar',
183 silly mapToRegistry   scope: null,
183 silly mapToRegistry   escapedName: 'cordova-plugin-statusbar',
183 silly mapToRegistry   name: 'cordova-plugin-statusbar',
183 silly mapToRegistry   rawSpec: '',
183 silly mapToRegistry   spec: 'latest',
183 silly mapToRegistry   type: 'tag' }
184 silly mapToRegistry uri https://registry.npmjs.org/cordova-plugin-statusbar
185 verbose addNameVersion registry:https://registry.npmjs.org/cordova-plugin-statusbar not in flight; fetching
186 silly pickManifestFromRegistryMetadata spec >=2.2.1 <2.3.0 tag latest versions [ '1.0.4',
186 silly pickManifestFromRegistryMetadata   '1.0.5',
186 silly pickManifestFromRegistryMetadata   '1.0.6',
186 silly pickManifestFromRegistryMetadata   '1.0.7',
186 silly pickManifestFromRegistryMetadata   '1.0.8',
186 silly pickManifestFromRegistryMetadata   '2.0.0',
186 silly pickManifestFromRegistryMetadata   '2.0.1',
186 silly pickManifestFromRegistryMetadata   '1.0.9',
186 silly pickManifestFromRegistryMetadata   '2.1.0',
186 silly pickManifestFromRegistryMetadata   '2.2.0',
186 silly pickManifestFromRegistryMetadata   '2.2.1' ]
187 silly resolveWithNewModule ionic-plugin-keyboard@2.2.1 checking installable status
188 silly cache add args [ 'ionic-plugin-keyboard@~2.2.1', null ]
189 verbose cache add spec ionic-plugin-keyboard@~2.2.1
190 silly cache add parsed spec Result {
190 silly cache add   raw: 'ionic-plugin-keyboard@~2.2.1',
190 silly cache add   scope: null,
190 silly cache add   escapedName: 'ionic-plugin-keyboard',
190 silly cache add   name: 'ionic-plugin-keyboard',
190 silly cache add   rawSpec: '~2.2.1',
190 silly cache add   spec: '>=2.2.1 <2.3.0',
190 silly cache add   type: 'range' }
191 silly addNamed ionic-plugin-keyboard@>=2.2.1 <2.3.0
192 verbose addNamed ">=2.2.1 <2.3.0" is a valid semver range for ionic-plugin-keyboard
193 silly addNameRange { name: 'ionic-plugin-keyboard',
193 silly addNameRange   range: '>=2.2.1 <2.3.0',
193 silly addNameRange   hasData: false }
194 silly mapToRegistry name ionic-plugin-keyboard
195 silly mapToRegistry using default registry
196 silly mapToRegistry registry https://registry.npmjs.org/
197 silly mapToRegistry data Result {
197 silly mapToRegistry   raw: 'ionic-plugin-keyboard',
197 silly mapToRegistry   scope: null,
197 silly mapToRegistry   escapedName: 'ionic-plugin-keyboard',
197 silly mapToRegistry   name: 'ionic-plugin-keyboard',
197 silly mapToRegistry   rawSpec: '',
197 silly mapToRegistry   spec: 'latest',
197 silly mapToRegistry   type: 'tag' }
198 silly mapToRegistry uri https://registry.npmjs.org/ionic-plugin-keyboard
199 verbose addNameRange registry:https://registry.npmjs.org/ionic-plugin-keyboard not in flight; fetching
200 http 304 https://registry.npmjs.org/cordova-plugin-splashscreen
201 verbose headers { date: 'Thu, 08 Jun 2017 09:51:35 GMT',
201 verbose headers   via: '1.1 varnish',
201 verbose headers   'cache-control': 'max-age=300',
201 verbose headers   etag: 'W/"5914d100-11845"',
201 verbose headers   age: '82',
201 verbose headers   connection: 'keep-alive',
201 verbose headers   'x-served-by': 'cache-syd1624-SYD',
201 verbose headers   'x-cache': 'HIT',
201 verbose headers   'x-cache-hits': '1',
201 verbose headers   'x-timer': 'S1496915495.434897,VS0,VE0',
201 verbose headers   vary: 'Accept-Encoding' }
202 silly get cb [ 304,
202 silly get   { date: 'Thu, 08 Jun 2017 09:51:35 GMT',
202 silly get     via: '1.1 varnish',
202 silly get     'cache-control': 'max-age=300',
202 silly get     etag: 'W/"5914d100-11845"',
202 silly get     age: '82',
202 silly get     connection: 'keep-alive',
202 silly get     'x-served-by': 'cache-syd1624-SYD',
202 silly get     'x-cache': 'HIT',
202 silly get     'x-cache-hits': '1',
202 silly get     'x-timer': 'S1496915495.434897,VS0,VE0',
202 silly get     vary: 'Accept-Encoding' } ]
203 verbose etag https://registry.npmjs.org/cordova-plugin-splashscreen from cache
204 verbose get saving cordova-plugin-splashscreen to D:\Users\harrison\AppData\Roaming\npm-cache\registry.npmjs.org\cordova-plugin-splashscreen\.cache.json
205 verbose correctMkdir D:\Users\harrison\AppData\Roaming\npm-cache correctMkdir not in flight; initializing
206 http 304 https://registry.npmjs.org/cordova-plugin-device
207 verbose headers { date: 'Thu, 08 Jun 2017 09:51:35 GMT',
207 verbose headers   via: '1.1 varnish',
207 verbose headers   'cache-control': 'max-age=300',
207 verbose headers   etag: 'W/"5914a6e5-ad19"',
207 verbose headers   age: '82',
207 verbose headers   connection: 'keep-alive',
207 verbose headers   'x-served-by': 'cache-syd1626-SYD',
207 verbose headers   'x-cache': 'HIT',
207 verbose headers   'x-cache-hits': '1',
207 verbose headers   'x-timer': 'S1496915495.443852,VS0,VE0',
207 verbose headers   vary: 'Accept-Encoding' }
208 silly get cb [ 304,
208 silly get   { date: 'Thu, 08 Jun 2017 09:51:35 GMT',
208 silly get     via: '1.1 varnish',
208 silly get     'cache-control': 'max-age=300',
208 silly get     etag: 'W/"5914a6e5-ad19"',
208 silly get     age: '82',
208 silly get     connection: 'keep-alive',
208 silly get     'x-served-by': 'cache-syd1626-SYD',
208 silly get     'x-cache': 'HIT',
208 silly get     'x-cache-hits': '1',
208 silly get     'x-timer': 'S1496915495.443852,VS0,VE0',
208 silly get     vary: 'Accept-Encoding' } ]
209 verbose etag https://registry.npmjs.org/cordova-plugin-device from cache
210 verbose get saving cordova-plugin-device to D:\Users\harrison\AppData\Roaming\npm-cache\registry.npmjs.org\cordova-plugin-device\.cache.json
211 verbose correctMkdir D:\Users\harrison\AppData\Roaming\npm-cache correctMkdir not in flight; initializing
212 verbose get https://registry.npmjs.org/cordova-plugin-console not expired, no request
213 verbose get https://registry.npmjs.org/cordova-plugin-whitelist not expired, no request
214 verbose get https://registry.npmjs.org/cordova-plugin-statusbar not expired, no request
215 verbose get https://registry.npmjs.org/ionic-plugin-keyboard not expired, no request
216 silly addNameRange number 2 { name: 'ionic-plugin-keyboard',
216 silly addNameRange   range: '>=2.2.1 <2.3.0',
216 silly addNameRange   hasData: true }
217 silly addNameRange versions [ 'ionic-plugin-keyboard',
217 silly addNameRange   [ '1.0.4',
217 silly addNameRange     '1.0.5',
217 silly addNameRange     '1.0.6',
217 silly addNameRange     '1.0.7',
217 silly addNameRange     '1.0.8',
217 silly addNameRange     '2.0.0',
217 silly addNameRange     '2.0.1',
217 silly addNameRange     '1.0.9',
217 silly addNameRange     '2.1.0',
217 silly addNameRange     '2.2.0',
217 silly addNameRange     '2.2.1' ] ]
218 silly pickManifestFromRegistryMetadata spec >=2.2.1 <2.3.0 tag latest versions [ '1.0.4',
218 silly pickManifestFromRegistryMetadata   '1.0.5',
218 silly pickManifestFromRegistryMetadata   '1.0.6',
218 silly pickManifestFromRegistryMetadata   '1.0.7',
218 silly pickManifestFromRegistryMetadata   '1.0.8',
218 silly pickManifestFromRegistryMetadata   '2.0.0',
218 silly pickManifestFromRegistryMetadata   '2.0.1',
218 silly pickManifestFromRegistryMetadata   '1.0.9',
218 silly pickManifestFromRegistryMetadata   '2.1.0',
218 silly pickManifestFromRegistryMetadata   '2.2.0',
218 silly pickManifestFromRegistryMetadata   '2.2.1' ]
219 silly addNamed ionic-plugin-keyboard@latest
220 verbose addNamed "latest" is being treated as a dist-tag for ionic-plugin-keyboard
221 info addNameTag [ 'ionic-plugin-keyboard', 'latest' ]
222 silly mapToRegistry name ionic-plugin-keyboard
223 silly mapToRegistry using default registry
224 silly mapToRegistry registry https://registry.npmjs.org/
225 silly mapToRegistry data Result {
225 silly mapToRegistry   raw: 'ionic-plugin-keyboard',
225 silly mapToRegistry   scope: null,
225 silly mapToRegistry   escapedName: 'ionic-plugin-keyboard',
225 silly mapToRegistry   name: 'ionic-plugin-keyboard',
225 silly mapToRegistry   rawSpec: '',
225 silly mapToRegistry   spec: 'latest',
225 silly mapToRegistry   type: 'tag' }
226 silly mapToRegistry uri https://registry.npmjs.org/ionic-plugin-keyboard
227 verbose addNameTag registry:https://registry.npmjs.org/ionic-plugin-keyboard already in flight; waiting
228 silly addNameTag next cb for ionic-plugin-keyboard with tag latest
229 silly addNamed ionic-plugin-keyboard@2.2.1
230 verbose addNamed "2.2.1" is a plain semver version for ionic-plugin-keyboard
231 silly cache afterAdd cordova-plugin-console@1.0.5
232 verbose afterAdd D:\Users\harrison\AppData\Roaming\npm-cache\cordova-plugin-console\1.0.5\package\package.json not in flight; writing
233 verbose correctMkdir D:\Users\harrison\AppData\Roaming\npm-cache correctMkdir not in flight; initializing
234 silly cache afterAdd cordova-plugin-statusbar@2.2.1
235 verbose afterAdd D:\Users\harrison\AppData\Roaming\npm-cache\cordova-plugin-statusbar\2.2.1\package\package.json not in flight; writing
236 verbose correctMkdir D:\Users\harrison\AppData\Roaming\npm-cache correctMkdir not in flight; initializing
237 silly cache afterAdd cordova-plugin-whitelist@1.3.1
238 verbose afterAdd D:\Users\harrison\AppData\Roaming\npm-cache\cordova-plugin-whitelist\1.3.1\package\package.json not in flight; writing
239 verbose correctMkdir D:\Users\harrison\AppData\Roaming\npm-cache correctMkdir not in flight; initializing
240 silly cache afterAdd ionic-plugin-keyboard@2.2.1
241 verbose afterAdd D:\Users\harrison\AppData\Roaming\npm-cache\ionic-plugin-keyboard\2.2.1\package\package.json not in flight; writing
242 verbose correctMkdir D:\Users\harrison\AppData\Roaming\npm-cache correctMkdir not in flight; initializing
243 silly pickManifestFromRegistryMetadata spec >=5.1.8 <5.2.0 tag latest versions [ '5.0.0',
243 silly pickManifestFromRegistryMetadata   '5.0.1',
243 silly pickManifestFromRegistryMetadata   '5.0.2',
243 silly pickManifestFromRegistryMetadata   '5.0.3',
243 silly pickManifestFromRegistryMetadata   '5.0.4',
243 silly pickManifestFromRegistryMetadata   '5.0.5',
243 silly pickManifestFromRegistryMetadata   '5.0.6',
243 silly pickManifestFromRegistryMetadata   '5.0.7',
243 silly pickManifestFromRegistryMetadata   '5.0.7-a',
243 silly pickManifestFromRegistryMetadata   '5.0.8',
243 silly pickManifestFromRegistryMetadata   '5.0.9',
243 silly pickManifestFromRegistryMetadata   '5.0.10',
243 silly pickManifestFromRegistryMetadata   '5.0.11',
243 silly pickManifestFromRegistryMetadata   '5.0.12',
243 silly pickManifestFromRegistryMetadata   '5.1.1',
243 silly pickManifestFromRegistryMetadata   '5.1.2',
243 silly pickManifestFromRegistryMetadata   '5.1.3',
243 silly pickManifestFromRegistryMetadata   '5.1.4',
243 silly pickManifestFromRegistryMetadata   '5.1.5',
243 silly pickManifestFromRegistryMetadata   '5.1.6',
243 silly pickManifestFromRegistryMetadata   '5.1.7',
243 silly pickManifestFromRegistryMetadata   '5.1.8' ]
244 silly resolveWithNewModule cordova-plugin-x-socialsharing@5.1.8 checking installable status
245 silly cache add args [ 'cordova-plugin-x-socialsharing@~5.1.8', null ]
246 verbose cache add spec cordova-plugin-x-socialsharing@~5.1.8
247 silly cache add parsed spec Result {
247 silly cache add   raw: 'cordova-plugin-x-socialsharing@~5.1.8',
247 silly cache add   scope: null,
247 silly cache add   escapedName: 'cordova-plugin-x-socialsharing',
247 silly cache add   name: 'cordova-plugin-x-socialsharing',
247 silly cache add   rawSpec: '~5.1.8',
247 silly cache add   spec: '>=5.1.8 <5.2.0',
247 silly cache add   type: 'range' }
248 silly addNamed cordova-plugin-x-socialsharing@>=5.1.8 <5.2.0
249 verbose addNamed ">=5.1.8 <5.2.0" is a valid semver range for cordova-plugin-x-socialsharing
250 silly addNameRange { name: 'cordova-plugin-x-socialsharing',
250 silly addNameRange   range: '>=5.1.8 <5.2.0',
250 silly addNameRange   hasData: false }
251 silly mapToRegistry name cordova-plugin-x-socialsharing
252 silly mapToRegistry using default registry
253 silly mapToRegistry registry https://registry.npmjs.org/
254 silly mapToRegistry data Result {
254 silly mapToRegistry   raw: 'cordova-plugin-x-socialsharing',
254 silly mapToRegistry   scope: null,
254 silly mapToRegistry   escapedName: 'cordova-plugin-x-socialsharing',
254 silly mapToRegistry   name: 'cordova-plugin-x-socialsharing',
254 silly mapToRegistry   rawSpec: '',
254 silly mapToRegistry   spec: 'latest',
254 silly mapToRegistry   type: 'tag' }
255 silly mapToRegistry uri https://registry.npmjs.org/cordova-plugin-x-socialsharing
256 verbose addNameRange registry:https://registry.npmjs.org/cordova-plugin-x-socialsharing not in flight; fetching
257 verbose get https://registry.npmjs.org/cordova-plugin-x-socialsharing not expired, no request
258 silly addNameRange number 2 { name: 'cordova-plugin-x-socialsharing',
258 silly addNameRange   range: '>=5.1.8 <5.2.0',
258 silly addNameRange   hasData: true }
259 silly addNameRange versions [ 'cordova-plugin-x-socialsharing',
259 silly addNameRange   [ '5.0.0',
259 silly addNameRange     '5.0.1',
259 silly addNameRange     '5.0.2',
259 silly addNameRange     '5.0.3',
259 silly addNameRange     '5.0.4',
259 silly addNameRange     '5.0.5',
259 silly addNameRange     '5.0.6',
259 silly addNameRange     '5.0.7',
259 silly addNameRange     '5.0.7-a',
259 silly addNameRange     '5.0.8',
259 silly addNameRange     '5.0.9',
259 silly addNameRange     '5.0.10',
259 silly addNameRange     '5.0.11',
259 silly addNameRange     '5.0.12',
259 silly addNameRange     '5.1.1',
259 silly addNameRange     '5.1.2',
259 silly addNameRange     '5.1.3',
259 silly addNameRange     '5.1.4',
259 silly addNameRange     '5.1.5',
259 silly addNameRange     '5.1.6',
259 silly addNameRange     '5.1.7',
259 silly addNameRange     '5.1.8' ] ]
260 silly pickManifestFromRegistryMetadata spec >=5.1.8 <5.2.0 tag latest versions [ '5.0.0',
260 silly pickManifestFromRegistryMetadata   '5.0.1',
260 silly pickManifestFromRegistryMetadata   '5.0.2',
260 silly pickManifestFromRegistryMetadata   '5.0.3',
260 silly pickManifestFromRegistryMetadata   '5.0.4',
260 silly pickManifestFromRegistryMetadata   '5.0.5',
260 silly pickManifestFromRegistryMetadata   '5.0.6',
260 silly pickManifestFromRegistryMetadata   '5.0.7',
260 silly pickManifestFromRegistryMetadata   '5.0.7-a',
260 silly pickManifestFromRegistryMetadata   '5.0.8',
260 silly pickManifestFromRegistryMetadata   '5.0.9',
260 silly pickManifestFromRegistryMetadata   '5.0.10',
260 silly pickManifestFromRegistryMetadata   '5.0.11',
260 silly pickManifestFromRegistryMetadata   '5.0.12',
260 silly pickManifestFromRegistryMetadata   '5.1.1',
260 silly pickManifestFromRegistryMetadata   '5.1.2',
260 silly pickManifestFromRegistryMetadata   '5.1.3',
260 silly pickManifestFromRegistryMetadata   '5.1.4',
260 silly pickManifestFromRegistryMetadata   '5.1.5',
260 silly pickManifestFromRegistryMetadata   '5.1.6',
260 silly pickManifestFromRegistryMetadata   '5.1.7',
260 silly pickManifestFromRegistryMetadata   '5.1.8' ]
261 silly addNamed cordova-plugin-x-socialsharing@latest
262 verbose addNamed "latest" is being treated as a dist-tag for cordova-plugin-x-socialsharing
263 info addNameTag [ 'cordova-plugin-x-socialsharing', 'latest' ]
264 silly mapToRegistry name cordova-plugin-x-socialsharing
265 silly mapToRegistry using default registry
266 silly mapToRegistry registry https://registry.npmjs.org/
267 silly mapToRegistry data Result {
267 silly mapToRegistry   raw: 'cordova-plugin-x-socialsharing',
267 silly mapToRegistry   scope: null,
267 silly mapToRegistry   escapedName: 'cordova-plugin-x-socialsharing',
267 silly mapToRegistry   name: 'cordova-plugin-x-socialsharing',
267 silly mapToRegistry   rawSpec: '',
267 silly mapToRegistry   spec: 'latest',
267 silly mapToRegistry   type: 'tag' }
268 silly mapToRegistry uri https://registry.npmjs.org/cordova-plugin-x-socialsharing
269 verbose addNameTag registry:https://registry.npmjs.org/cordova-plugin-x-socialsharing already in flight; waiting
270 silly addNameTag next cb for cordova-plugin-x-socialsharing with tag latest
271 silly addNamed cordova-plugin-x-socialsharing@5.1.8
272 verbose addNamed "5.1.8" is a plain semver version for cordova-plugin-x-socialsharing
273 silly cache afterAdd cordova-plugin-x-socialsharing@5.1.8
274 verbose afterAdd D:\Users\harrison\AppData\Roaming\npm-cache\cordova-plugin-x-socialsharing\5.1.8\package\package.json not in flight; writing
275 verbose correctMkdir D:\Users\harrison\AppData\Roaming\npm-cache correctMkdir not in flight; initializing
276 silly pickManifestFromRegistryMetadata spec 1.1.4 tag latest versions [ '0.2.13',
276 silly pickManifestFromRegistryMetadata   '0.2.1',
276 silly pickManifestFromRegistryMetadata   '0.2.10',
276 silly pickManifestFromRegistryMetadata   '0.2.11',
276 silly pickManifestFromRegistryMetadata   '0.2.12',
276 silly pickManifestFromRegistryMetadata   '0.2.3',
276 silly pickManifestFromRegistryMetadata   '0.2.4',
276 silly pickManifestFromRegistryMetadata   '0.2.5',
276 silly pickManifestFromRegistryMetadata   '0.2.6',
276 silly pickManifestFromRegistryMetadata   '0.2.7',
276 silly pickManifestFromRegistryMetadata   '0.2.8',
276 silly pickManifestFromRegistryMetadata   '0.2.9',
276 silly pickManifestFromRegistryMetadata   '0.3.0',
276 silly pickManifestFromRegistryMetadata   '1.0.0',
276 silly pickManifestFromRegistryMetadata   '1.0.1',
276 silly pickManifestFromRegistryMetadata   '1.1.0',
276 silly pickManifestFromRegistryMetadata   '1.1.1',
276 silly pickManifestFromRegistryMetadata   '1.1.2',
276 silly pickManifestFromRegistryMetadata   '1.1.3',
276 silly pickManifestFromRegistryMetadata   '1.1.4',
276 silly pickManifestFromRegistryMetadata   '1.1.5',
276 silly pickManifestFromRegistryMetadata   '1.1.6' ]
277 silly resolveWithNewModule cordova-plugin-device@1.1.4 checking installable status
278 silly cache add args [ 'cordova-plugin-device@1.1.4', null ]
279 verbose cache add spec cordova-plugin-device@1.1.4
280 silly cache add parsed spec Result {
280 silly cache add   raw: 'cordova-plugin-device@1.1.4',
280 silly cache add   scope: null,
280 silly cache add   escapedName: 'cordova-plugin-device',
280 silly cache add   name: 'cordova-plugin-device',
280 silly cache add   rawSpec: '1.1.4',
280 silly cache add   spec: '1.1.4',
280 silly cache add   type: 'version' }
281 silly addNamed cordova-plugin-device@1.1.4
282 verbose addNamed "1.1.4" is a plain semver version for cordova-plugin-device
283 silly mapToRegistry name cordova-plugin-device
284 silly mapToRegistry using default registry
285 silly mapToRegistry registry https://registry.npmjs.org/
286 silly mapToRegistry data Result {
286 silly mapToRegistry   raw: 'cordova-plugin-device',
286 silly mapToRegistry   scope: null,
286 silly mapToRegistry   escapedName: 'cordova-plugin-device',
286 silly mapToRegistry   name: 'cordova-plugin-device',
286 silly mapToRegistry   rawSpec: '',
286 silly mapToRegistry   spec: 'latest',
286 silly mapToRegistry   type: 'tag' }
287 silly mapToRegistry uri https://registry.npmjs.org/cordova-plugin-device
288 verbose addNameVersion registry:https://registry.npmjs.org/cordova-plugin-device not in flight; fetching
289 silly pickManifestFromRegistryMetadata spec >=4.0.1 <4.1.0 tag latest versions [ '0.2.0',
289 silly pickManifestFromRegistryMetadata   '0.2.2',
289 silly pickManifestFromRegistryMetadata   '0.2.3',
289 silly pickManifestFromRegistryMetadata   '0.2.4',
289 silly pickManifestFromRegistryMetadata   '0.2.5',
289 silly pickManifestFromRegistryMetadata   '0.2.6',
289 silly pickManifestFromRegistryMetadata   '0.2.7',
289 silly pickManifestFromRegistryMetadata   '0.3.0',
289 silly pickManifestFromRegistryMetadata   '0.3.1',
289 silly pickManifestFromRegistryMetadata   '0.3.2',
289 silly pickManifestFromRegistryMetadata   '0.3.3',
289 silly pickManifestFromRegistryMetadata   '0.3.4',
289 silly pickManifestFromRegistryMetadata   '0.3.5',
289 silly pickManifestFromRegistryMetadata   '1.0.0',
289 silly pickManifestFromRegistryMetadata   '2.0.0',
289 silly pickManifestFromRegistryMetadata   '2.1.0',
289 silly pickManifestFromRegistryMetadata   '3.0.0',
289 silly pickManifestFromRegistryMetadata   '3.1.0',
289 silly pickManifestFromRegistryMetadata   '3.2.0',
289 silly pickManifestFromRegistryMetadata   '3.2.1',
289 silly pickManifestFromRegistryMetadata   '3.2.2',
289 silly pickManifestFromRegistryMetadata   '4.0.0',
289 silly pickManifestFromRegistryMetadata   '4.0.1',
289 silly pickManifestFromRegistryMetadata   '4.0.2',
289 silly pickManifestFromRegistryMetadata   '4.0.3' ]
290 silly resolveWithNewModule cordova-plugin-splashscreen@4.0.3 checking installable status
291 silly cache add args [ 'cordova-plugin-splashscreen@~4.0.1', null ]
292 verbose cache add spec cordova-plugin-splashscreen@~4.0.1
293 silly cache add parsed spec Result {
293 silly cache add   raw: 'cordova-plugin-splashscreen@~4.0.1',
293 silly cache add   scope: null,
293 silly cache add   escapedName: 'cordova-plugin-splashscreen',
293 silly cache add   name: 'cordova-plugin-splashscreen',
293 silly cache add   rawSpec: '~4.0.1',
293 silly cache add   spec: '>=4.0.1 <4.1.0',
293 silly cache add   type: 'range' }
294 silly addNamed cordova-plugin-splashscreen@>=4.0.1 <4.1.0
295 verbose addNamed ">=4.0.1 <4.1.0" is a valid semver range for cordova-plugin-splashscreen
296 silly addNameRange { name: 'cordova-plugin-splashscreen',
296 silly addNameRange   range: '>=4.0.1 <4.1.0',
296 silly addNameRange   hasData: false }
297 silly mapToRegistry name cordova-plugin-splashscreen
298 silly mapToRegistry using default registry
299 silly mapToRegistry registry https://registry.npmjs.org/
300 silly mapToRegistry data Result {
300 silly mapToRegistry   raw: 'cordova-plugin-splashscreen',
300 silly mapToRegistry   scope: null,
300 silly mapToRegistry   escapedName: 'cordova-plugin-splashscreen',
300 silly mapToRegistry   name: 'cordova-plugin-splashscreen',
300 silly mapToRegistry   rawSpec: '',
300 silly mapToRegistry   spec: 'latest',
300 silly mapToRegistry   type: 'tag' }
301 silly mapToRegistry uri https://registry.npmjs.org/cordova-plugin-splashscreen
302 verbose addNameRange registry:https://registry.npmjs.org/cordova-plugin-splashscreen not in flight; fetching
303 verbose afterAdd D:\Users\harrison\AppData\Roaming\npm-cache\cordova-plugin-console\1.0.5\package\package.json written
304 verbose get https://registry.npmjs.org/cordova-plugin-device not expired, no request
305 verbose get https://registry.npmjs.org/cordova-plugin-splashscreen not expired, no request
306 silly addNameRange number 2 { name: 'cordova-plugin-splashscreen',
306 silly addNameRange   range: '>=4.0.1 <4.1.0',
306 silly addNameRange   hasData: true }
307 silly addNameRange versions [ 'cordova-plugin-splashscreen',
307 silly addNameRange   [ '0.2.0',
307 silly addNameRange     '0.2.2',
307 silly addNameRange     '0.2.3',
307 silly addNameRange     '0.2.4',
307 silly addNameRange     '0.2.5',
307 silly addNameRange     '0.2.6',
307 silly addNameRange     '0.2.7',
307 silly addNameRange     '0.3.0',
307 silly addNameRange     '0.3.1',
307 silly addNameRange     '0.3.2',
307 silly addNameRange     '0.3.3',
307 silly addNameRange     '0.3.4',
307 silly addNameRange     '0.3.5',
307 silly addNameRange     '1.0.0',
307 silly addNameRange     '2.0.0',
307 silly addNameRange     '2.1.0',
307 silly addNameRange     '3.0.0',
307 silly addNameRange     '3.1.0',
307 silly addNameRange     '3.2.0',
307 silly addNameRange     '3.2.1',
307 silly addNameRange     '3.2.2',
307 silly addNameRange     '4.0.0',
307 silly addNameRange     '4.0.1',
307 silly addNameRange     '4.0.2',
307 silly addNameRange     '4.0.3' ] ]
308 silly pickManifestFromRegistryMetadata spec >=4.0.1 <4.1.0 tag latest versions [ '0.2.0',
308 silly pickManifestFromRegistryMetadata   '0.2.2',
308 silly pickManifestFromRegistryMetadata   '0.2.3',
308 silly pickManifestFromRegistryMetadata   '0.2.4',
308 silly pickManifestFromRegistryMetadata   '0.2.5',
308 silly pickManifestFromRegistryMetadata   '0.2.6',
308 silly pickManifestFromRegistryMetadata   '0.2.7',
308 silly pickManifestFromRegistryMetadata   '0.3.0',
308 silly pickManifestFromRegistryMetadata   '0.3.1',
308 silly pickManifestFromRegistryMetadata   '0.3.2',
308 silly pickManifestFromRegistryMetadata   '0.3.3',
308 silly pickManifestFromRegistryMetadata   '0.3.4',
308 silly pickManifestFromRegistryMetadata   '0.3.5',
308 silly pickManifestFromRegistryMetadata   '1.0.0',
308 silly pickManifestFromRegistryMetadata   '2.0.0',
308 silly pickManifestFromRegistryMetadata   '2.1.0',
308 silly pickManifestFromRegistryMetadata   '3.0.0',
308 silly pickManifestFromRegistryMetadata   '3.1.0',
308 silly pickManifestFromRegistryMetadata   '3.2.0',
308 silly pickManifestFromRegistryMetadata   '3.2.1',
308 silly pickManifestFromRegistryMetadata   '3.2.2',
308 silly pickManifestFromRegistryMetadata   '4.0.0',
308 silly pickManifestFromRegistryMetadata   '4.0.1',
308 silly pickManifestFromRegistryMetadata   '4.0.2',
308 silly pickManifestFromRegistryMetadata   '4.0.3' ]
309 silly addNamed cordova-plugin-splashscreen@latest
310 verbose addNamed "latest" is being treated as a dist-tag for cordova-plugin-splashscreen
311 info addNameTag [ 'cordova-plugin-splashscreen', 'latest' ]
312 silly mapToRegistry name cordova-plugin-splashscreen
313 silly mapToRegistry using default registry
314 silly mapToRegistry registry https://registry.npmjs.org/
315 silly mapToRegistry data Result {
315 silly mapToRegistry   raw: 'cordova-plugin-splashscreen',
315 silly mapToRegistry   scope: null,
315 silly mapToRegistry   escapedName: 'cordova-plugin-splashscreen',
315 silly mapToRegistry   name: 'cordova-plugin-splashscreen',
315 silly mapToRegistry   rawSpec: '',
315 silly mapToRegistry   spec: 'latest',
315 silly mapToRegistry   type: 'tag' }
316 silly mapToRegistry uri https://registry.npmjs.org/cordova-plugin-splashscreen
317 verbose addNameTag registry:https://registry.npmjs.org/cordova-plugin-splashscreen already in flight; waiting
318 silly addNameTag next cb for cordova-plugin-splashscreen with tag latest
319 silly addNamed cordova-plugin-splashscreen@4.0.3
320 verbose addNamed "4.0.3" is a plain semver version for cordova-plugin-splashscreen
321 verbose afterAdd D:\Users\harrison\AppData\Roaming\npm-cache\cordova-plugin-statusbar\2.2.1\package\package.json written
322 verbose afterAdd D:\Users\harrison\AppData\Roaming\npm-cache\cordova-plugin-whitelist\1.3.1\package\package.json written
323 verbose afterAdd D:\Users\harrison\AppData\Roaming\npm-cache\ionic-plugin-keyboard\2.2.1\package\package.json written
324 silly cache afterAdd cordova-plugin-device@1.1.4
325 verbose afterAdd D:\Users\harrison\AppData\Roaming\npm-cache\cordova-plugin-device\1.1.4\package\package.json not in flight; writing
326 verbose correctMkdir D:\Users\harrison\AppData\Roaming\npm-cache correctMkdir not in flight; initializing
327 silly cache afterAdd cordova-plugin-splashscreen@4.0.3
328 verbose afterAdd D:\Users\harrison\AppData\Roaming\npm-cache\cordova-plugin-splashscreen\4.0.3\package\package.json not in flight; writing
329 verbose correctMkdir D:\Users\harrison\AppData\Roaming\npm-cache correctMkdir not in flight; initializing
330 verbose afterAdd D:\Users\harrison\AppData\Roaming\npm-cache\cordova-plugin-x-socialsharing\5.1.8\package\package.json written
331 verbose afterAdd D:\Users\harrison\AppData\Roaming\npm-cache\cordova-plugin-device\1.1.4\package\package.json written
332 verbose afterAdd D:\Users\harrison\AppData\Roaming\npm-cache\cordova-plugin-splashscreen\4.0.3\package\package.json written
333 verbose updateRemote git fetch -a origin (https://github.com/phonegap-build/PushPlugin.git)
334 verbose setPermissions git+https://github.com/phonegap-build/PushPlugin.git skipping chownr on Windows
335 verbose resolveHead git+https://github.com/phonegap-build/PushPlugin.git original treeish: master
336 info git [ 'rev-list', '-n1', 'master' ]
337 silly resolveHead git+https://github.com/phonegap-build/PushPlugin.git resolved treeish: 7114e18f4300d721bf48995778f3dc1f3cb84cfb
338 verbose resolveHead git+https://github.com/phonegap-build/PushPlugin.git resolved Git URL: git+https://github.com/phonegap-build/PushPlugin.git#7114e18f4300d721bf48995778f3dc1f3cb84cfb
339 silly resolveHead Git working directory: D:\Users\harrison\AppData\Local\Temp\npm-10056-7b2a758f\git-cache-19be66f8\7114e18f4300d721bf48995778f3dc1f3cb84cfb
340 info git [ 'clone',
340 info git   'D:\\Users\\harrison\\AppData\\Roaming\\npm-cache\\_git-remotes\\git-https-github-com-phonegap-build-PushPlugin-git-9ae1c0e7',
340 info git   'D:\\Users\\harrison\\AppData\\Local\\Temp\\npm-10056-7b2a758f\\git-cache-19be66f8\\7114e18f4300d721bf48995778f3dc1f3cb84cfb' ]
341 verbose cloneResolved git+https://github.com/phonegap-build/PushPlugin.git clone Cloning into 'D:\Users\harrison\AppData\Local\Temp\npm-10056-7b2a758f\git-cache-19be66f8\7114e18f4300d721bf48995778f3dc1f3cb84cfb'...
341 verbose cloneResolved done.
342 info git [ 'checkout', '7114e18f4300d721bf48995778f3dc1f3cb84cfb' ]
343 verbose checkoutTreeish git+https://github.com/phonegap-build/PushPlugin.git checkout Note: checking out '7114e18f4300d721bf48995778f3dc1f3cb84cfb'.
343 verbose checkoutTreeish
343 verbose checkoutTreeish You are in 'detached HEAD' state. You can look around, make experimental
343 verbose checkoutTreeish changes and commit them, and you can discard any commits you make in this
343 verbose checkoutTreeish state without impacting any branches by performing another checkout.
343 verbose checkoutTreeish
343 verbose checkoutTreeish If you want to create a new branch to retain commits you create, you may
343 verbose checkoutTreeish do so (now or later) by using -b with the checkout command again. Example:
343 verbose checkoutTreeish
343 verbose checkoutTreeish   git checkout -b <new-branch-name>
343 verbose checkoutTreeish
343 verbose checkoutTreeish HEAD is now at 7114e18... Deprecation notice
344 info git [ 'submodule', '-q', 'update', '--init', '--recursive' ]
345 verbose updateSubmodules git+https://github.com/phonegap-build/PushPlugin.git submodule update
346 error addLocal Could not install D:\Users\harrison\AppData\Local\Temp\npm-10056-7b2a758f\git-cache-19be66f8\7114e18f4300d721bf48995778f3dc1f3cb84cfb
347 silly fetchPackageMetaData Error: EISDIR: illegal operation on a directory, read
347 silly fetchPackageMetaData  error for com.phonegap.plugins.PushPlugin@git+https://github.com/phonegap-build/PushPlugin.git { Error: EISDIR: illegal operation on a directory, read errno: -4068, code: 'EISDIR', syscall: 'read' }
348 silly rollbackFailedOptional Starting
349 silly rollbackFailedOptional Finishing
350 silly runTopLevelLifecycles Finishing
351 silly install printInstalled
352 verbose stack Error: EISDIR: illegal operation on a directory, read
353 verbose cwd D:\Users\harrison\Ionic Apps\forfido
354 error Windows_NT 6.2.9200
355 error argv "C:\\Program Files\\nodejs\\node.exe" "C:\\Program Files\\nodejs\\node_modules\\npm\\bin\\npm-cli.js" "install"
356 error node v7.7.4
357 error npm  v4.1.2
358 error code EISDIR
359 error errno -4068
360 error syscall read
361 error eisdir EISDIR: illegal operation on a directory, read
362 error eisdir This is most likely not a problem with npm itself
362 error eisdir and is related to npm not being able to find a package.json in
362 error eisdir a package you are trying to install.
363 verbose exit [ -4068, true ]
